# JRE version: OpenJDK Runtime Environment Temurin-21.0.7+6 (21.0.7+6) (build 21.0.7+6-LTS)
# Java VM: OpenJDK 64-Bit Server VM Temurin-21.0.7+6 (21.0.7+6-LTS, mixed mode, sharing, tiered, compressed oops, compressed class ptrs, g1 gc, windows-amd64)
GC Precious Log:
 CardTable entry size: 512
 Card Set container configuration: InlinePtr #cards 5 size 8 Array Of Cards #cards 12 size 40 Howl #buckets 4 coarsen threshold 1843 Howl Bitmap #cards 512 size 80 coarsen threshold 460 Card regions per heap region 1 cards per card region 2048
 CPUs: 4 total, 4 available
 Memory: 8025M
 Large Page Support: Disabled
 NUMA Support: Disabled
 Compressed Oops: Enabled (32-bit)
 Heap Region Size: 1M
 Heap Min Capacity: 8M
 Heap Initial Capacity: 126M
 Heap Max Capacity: 2008M
 Pre-touch: Disabled
 Parallel Workers: 4
 Concurrent Workers: 1
 Concurrent Refinement Workers: 4
 Periodic GC: Disabled
Heap:
 garbage-first heap   total 229376K, used 195857K [0x0000000082800000, 0x0000000100000000)
  region size 1024K, 85 young (87040K), 9 survivors (9216K)
 Metaspace       used 101948K, committed 103168K, reserved 1179648K
  class space    used 12535K, committed 13120K, reserved 1048576K
GC Heap History (20 events):
Event: 16191.715 GC heap before
{Heap before GC invocations=42 (full 0):
 garbage-first heap   total 205824K, used 188141K [0x0000000082800000, 0x0000000100000000)
  region size 1024K, 69 young (70656K), 5 survivors (5120K)
 Metaspace       used 91790K, committed 93824K, reserved 1179648K
  class space    used 11449K, committed 12352K, reserved 1048576K
}
Event: 16191.757 GC heap after
{Heap after GC invocations=43 (full 0):
 garbage-first heap   total 205824K, used 101559K [0x0000000082800000, 0x0000000100000000)
  region size 1024K, 3 young (3072K), 3 survivors (3072K)
 Metaspace       used 91790K, committed 93824K, reserved 1179648K
  class space    used 11449K, committed 12352K, reserved 1048576K
}
Event: 16210.826 GC heap before
{Heap before GC invocations=43 (full 0):
 garbage-first heap   total 205824K, used 196791K [0x0000000082800000, 0x0000000100000000)
  region size 1024K, 85 young (87040K), 3 survivors (3072K)
 Metaspace       used 92081K, committed 93888K, reserved 1179648K
  class space    used 11458K, committed 12352K, reserved 1048576K
}
Event: 16210.872 GC heap after
{Heap after GC invocations=44 (full 0):
 garbage-first heap   total 215040K, used 103701K [0x0000000082800000, 0x0000000100000000)
  region size 1024K, 8 young (8192K), 8 survivors (8192K)
 Metaspace       used 92081K, committed 93888K, reserved 1179648K
  class space    used 11458K, committed 12352K, reserved 1048576K
}
Event: 16222.287 GC heap before
{Heap before GC invocations=44 (full 0):
 garbage-first heap   total 215040K, used 121109K [0x0000000082800000, 0x0000000100000000)
  region size 1024K, 26 young (26624K), 8 survivors (8192K)
 Metaspace       used 92108K, committed 93888K, reserved 1179648K
  class space    used 11458K, committed 12352K, reserved 1048576K
}
Event: 16222.301 GC heap after
{Heap after GC invocations=45 (full 0):
 garbage-first heap   total 215040K, used 101879K [0x0000000082800000, 0x0000000100000000)
  region size 1024K, 5 young (5120K), 5 survivors (5120K)
 Metaspace       used 92108K, committed 93888K, reserved 1179648K
  class space    used 11458K, committed 12352K, reserved 1048576K
}
Event: 16236.594 GC heap before
{Heap before GC invocations=46 (full 0):
 garbage-first heap   total 215040K, used 207351K [0x0000000082800000, 0x0000000100000000)
  region size 1024K, 99 young (101376K), 5 survivors (5120K)
 Metaspace       used 92889K, committed 94272K, reserved 1179648K
  class space    used 11556K, committed 12352K, reserved 1048576K
}
Event: 16236.600 GC heap after
{Heap after GC invocations=47 (full 0):
 garbage-first heap   total 215040K, used 100561K [0x0000000082800000, 0x0000000100000000)
  region size 1024K, 4 young (4096K), 4 survivors (4096K)
 Metaspace       used 92889K, committed 94272K, reserved 1179648K
  class space    used 11556K, committed 12352K, reserved 1048576K
}
Event: 16425.678 GC heap before
{Heap before GC invocations=47 (full 0):
 garbage-first heap   total 215040K, used 210129K [0x0000000082800000, 0x0000000100000000)
  region size 1024K, 100 young (102400K), 4 survivors (4096K)
 Metaspace       used 93604K, committed 94976K, reserved 1179648K
  class space    used 11585K, committed 12352K, reserved 1048576K
}
Event: 16425.724 GC heap after
{Heap after GC invocations=48 (full 0):
 garbage-first heap   total 228352K, used 109319K [0x0000000082800000, 0x0000000100000000)
  region size 1024K, 13 young (13312K), 13 survivors (13312K)
 Metaspace       used 93604K, committed 94976K, reserved 1179648K
  class space    used 11585K, committed 12352K, reserved 1048576K
}
Event: 16494.590 GC heap before
{Heap before GC invocations=48 (full 0):
 garbage-first heap   total 228352K, used 163591K [0x0000000082800000, 0x0000000100000000)
  region size 1024K, 67 young (68608K), 13 survivors (13312K)
 Metaspace       used 95064K, committed 96192K, reserved 1179648K
  class space    used 11782K, committed 12352K, reserved 1048576K
}
Event: 16494.643 GC heap after
{Heap after GC invocations=49 (full 0):
 garbage-first heap   total 228352K, used 104195K [0x0000000082800000, 0x0000000100000000)
  region size 1024K, 7 young (7168K), 7 survivors (7168K)
 Metaspace       used 95064K, committed 96192K, reserved 1179648K
  class space    used 11782K, committed 12352K, reserved 1048576K
}
Event: 16781.066 GC heap before
{Heap before GC invocations=50 (full 0):
 garbage-first heap   total 228352K, used 207619K [0x0000000082800000, 0x0000000100000000)
  region size 1024K, 97 young (99328K), 7 survivors (7168K)
 Metaspace       used 97573K, committed 98752K, reserved 1179648K
  class space    used 12078K, committed 12672K, reserved 1048576K
}
Event: 16781.128 GC heap after
{Heap after GC invocations=51 (full 0):
 garbage-first heap   total 228352K, used 107345K [0x0000000082800000, 0x0000000100000000)
  region size 1024K, 10 young (10240K), 10 survivors (10240K)
 Metaspace       used 97573K, committed 98752K, reserved 1179648K
  class space    used 12078K, committed 12672K, reserved 1048576K
}
Event: 16865.827 GC heap before
{Heap before GC invocations=51 (full 0):
 garbage-first heap   total 228352K, used 205649K [0x0000000082800000, 0x0000000100000000)
  region size 1024K, 99 young (101376K), 10 survivors (10240K)
 Metaspace       used 98236K, committed 99392K, reserved 1179648K
  class space    used 12116K, committed 12672K, reserved 1048576K
}
Event: 16865.922 GC heap after
{Heap after GC invocations=52 (full 0):
 garbage-first heap   total 229376K, used 114946K [0x0000000082800000, 0x0000000100000000)
  region size 1024K, 13 young (13312K), 13 survivors (13312K)
 Metaspace       used 98236K, committed 99392K, reserved 1179648K
  class space    used 12116K, committed 12672K, reserved 1048576K
}
Event: 16990.535 GC heap before
{Heap before GC invocations=52 (full 0):
 garbage-first heap   total 229376K, used 151810K [0x0000000082800000, 0x0000000100000000)
  region size 1024K, 50 young (51200K), 13 survivors (13312K)
 Metaspace       used 98641K, committed 99776K, reserved 1179648K
  class space    used 12170K, committed 12736K, reserved 1048576K
}
Event: 16990.663 GC heap after
{Heap after GC invocations=53 (full 0):
 garbage-first heap   total 229376K, used 111616K [0x0000000082800000, 0x0000000100000000)
  region size 1024K, 5 young (5120K), 5 survivors (5120K)
 Metaspace       used 98641K, committed 99776K, reserved 1179648K
  class space    used 12170K, committed 12736K, reserved 1048576K
}
Event: 18575.726 GC heap before
{Heap before GC invocations=54 (full 0):
 garbage-first heap   total 229376K, used 209920K [0x0000000082800000, 0x0000000100000000)
  region size 1024K, 90 young (92160K), 5 survivors (5120K)
 Metaspace       used 98918K, committed 100032K, reserved 1179648K
  class space    used 12228K, committed 12800K, reserved 1048576K
}
Event: 18575.799 GC heap after
{Heap after GC invocations=55 (full 0):
 garbage-first heap   total 229376K, used 114961K [0x0000000082800000, 0x0000000100000000)
  region size 1024K, 9 young (9216K), 9 survivors (9216K)
 Metaspace       used 98918K, committed 100032K, reserved 1179648K
  class space    used 12228K, committed 12800K, reserved 1048576K
}

