<?xml version="1.0" encoding="UTF-8"?>
<testsuite xmlns:xsi="http://www.w3.org/2001/XMLSchema-instance" xsi:noNamespaceSchemaLocation="https://maven.apache.org/surefire/maven-surefire-plugin/xsd/surefire-test-report-3.0.xsd" version="3.0" name="Notifica.service.NotificaApplicationTests" time="7.553" tests="1" errors="0" skipped="0" failures="0">
  <properties>
[...]
</properties>
  <testcase name="contextLoads" classname="Notifica.service.NotificaApplicationTests" time="0.006">
    <system-out><![CDATA[2024-12-03T19:34:22.876-03:00  INFO 12720 --- [app] [           main] o.s.b.d.r.RestartApplicationListener     : Restart disabled due to context in which it is running

  .   ____          _            __ _ _
 /\\ / ___'_ __ _ _(_)_ __  __ _ \ \ \ \
( ( )\___ | '_ | '_| | '_ \/ _` | \ \ \ \
 \\/  ___)| |_)| | | | | || (_| |  ) ) ) )
  '  |____| .__|_| |_|_| |_\__, | / / / /
 =========|_|==============|___/=/_/_/_/

 :: Spring Boot ::                (v3.3.4)

2024-12-03T19:34:22.911-03:00  INFO 12720 --- [app] [           main] N.service.NotificaApplicationTests       : Starting NotificaApplicationTests using Java 17.0.10 with PID 12720 (started by felip in C:\Users\felip\Downloads\SistemaNotifica2\Notifica)
2024-12-03T19:34:22.912-03:00  INFO 12720 --- [app] [           main] N.service.NotificaApplicationTests       : No active profile set, falling back to 1 default profile: "default"
2024-12-03T19:34:23.986-03:00  INFO 12720 --- [app] [           main] .s.d.r.c.RepositoryConfigurationDelegate : Bootstrapping Spring Data JPA repositories in DEFAULT mode.
2024-12-03T19:34:24.110-03:00  INFO 12720 --- [app] [           main] .s.d.r.c.RepositoryConfigurationDelegate : Finished Spring Data repository scanning in 103 ms. Found 3 JPA repository interfaces.
2024-12-03T19:34:24.949-03:00  INFO 12720 --- [app] [           main] o.hibernate.jpa.internal.util.LogHelper  : HHH000204: Processing PersistenceUnitInfo [name: default]
2024-12-03T19:34:25.067-03:00  INFO 12720 --- [app] [           main] org.hibernate.Version                    : HHH000412: Hibernate ORM core version 6.5.3.Final
2024-12-03T19:34:25.132-03:00  INFO 12720 --- [app] [           main] o.h.c.internal.RegionFactoryInitiator    : HHH000026: Second-level cache disabled
2024-12-03T19:34:25.412-03:00  INFO 12720 --- [app] [           main] o.s.o.j.p.SpringPersistenceUnitInfo      : No LoadTimeWeaver setup: ignoring JPA class transformer
2024-12-03T19:34:25.483-03:00  INFO 12720 --- [app] [           main] com.zaxxer.hikari.HikariDataSource       : HikariPool-1 - Starting...
2024-12-03T19:34:26.183-03:00  INFO 12720 --- [app] [           main] com.zaxxer.hikari.pool.HikariPool        : HikariPool-1 - Added connection com.mysql.cj.jdbc.ConnectionImpl@738b188f
2024-12-03T19:34:26.188-03:00  INFO 12720 --- [app] [           main] com.zaxxer.hikari.HikariDataSource       : HikariPool-1 - Start completed.
2024-12-03T19:34:28.155-03:00  INFO 12720 --- [app] [           main] o.h.e.t.j.p.i.JtaPlatformInitiator       : HHH000489: No JTA platform available (set 'hibernate.transaction.jta.platform' to enable JTA platform integration)
2024-12-03T19:34:28.230-03:00  INFO 12720 --- [app] [           main] j.LocalContainerEntityManagerFactoryBean : Initialized JPA EntityManagerFactory for persistence unit 'default'
2024-12-03T19:34:29.115-03:00  WARN 12720 --- [app] [           main] JpaBaseConfiguration$JpaWebConfiguration : spring.jpa.open-in-view is enabled by default. Therefore, database queries may be performed during view rendering. Explicitly configure spring.jpa.open-in-view to disable this warning
2024-12-03T19:34:29.144-03:00  WARN 12720 --- [app] [           main] .s.s.UserDetailsServiceAutoConfiguration : 

Using generated security password: 01816a63-9bb0-4ee5-b1ca-a783c1a68af6

This generated password is for development use only. Your security configuration must be updated before running your application in production.

2024-12-03T19:34:29.147-03:00  INFO 12720 --- [app] [           main] r$InitializeUserDetailsManagerConfigurer : Global AuthenticationManager configured with UserDetailsService bean with name inMemoryUserDetailsManager
2024-12-03T19:34:29.715-03:00  INFO 12720 --- [app] [           main] o.s.b.a.e.web.EndpointLinksResolver      : Exposing 1 endpoint beneath base path '/actuator'
2024-12-03T19:34:30.351-03:00  INFO 12720 --- [app] [           main] N.service.NotificaApplicationTests       : Started NotificaApplicationTests in 7.476 seconds (process running for 14.101)
]]></system-out>
  </testcase>
</testsuite>