<?xml version="1.0" encoding="UTF-8"?>
<testsuite xmlns:xsi="http://www.w3.org/2001/XMLSchema-instance" xsi:noNamespaceSchemaLocation="https://maven.apache.org/surefire/maven-surefire-plugin/xsd/surefire-test-report-3.0.xsd" version="3.0" name="com.Notifica.controller.UsuariosControllerTest" time="1.197" tests="5" errors="0" skipped="0" failures="0">
  <properties>
[...]
</properties>
  <testcase name="testObterUsuariosPorId" classname="com.Notifica.controller.UsuariosControllerTest" time="0.039">
    <system-out><![CDATA[2024-09-30T20:51:21.270-03:00  INFO 21868 --- [app] [           main] t.c.s.AnnotationConfigContextLoaderUtils : Could not detect default configuration classes for test class [com.Notifica.controller.UsuariosControllerTest]: UsuariosControllerTest does not declare any static, non-private, non-final, nested classes annotated with @Configuration.
2024-09-30T20:51:21.453-03:00  INFO 21868 --- [app] [           main] .b.t.c.SpringBootTestContextBootstrapper : Found @SpringBootConfiguration com.Notifica.NotificaApplication for test class com.Notifica.controller.UsuariosControllerTest
2024-09-30T20:51:21.465-03:00  INFO 21868 --- [app] [           main] o.s.b.d.r.RestartApplicationListener     : Restart disabled due to context in which it is running

  .   ____          _            __ _ _
 /\\ / ___'_ __ _ _(_)_ __  __ _ \ \ \ \
( ( )\___ | '_ | '_| | '_ \/ _` | \ \ \ \
 \\/  ___)| |_)| | | | | || (_| |  ) ) ) )
  '  |____| .__|_| |_|_| |_\__, | / / / /
 =========|_|==============|___/=/_/_/_/

 :: Spring Boot ::                (v3.3.4)

2024-09-30T20:51:21.593-03:00  INFO 21868 --- [app] [           main] c.N.controller.UsuariosControllerTest    : Starting UsuariosControllerTest using Java 22.0.1 with PID 21868 (started by duduh in C:\Users\duduh\OneDrive\Documentos\driver facul\4 semestre\notifica\SistemaNotifica\Notifica)
2024-09-30T20:51:21.593-03:00  INFO 21868 --- [app] [           main] c.N.controller.UsuariosControllerTest    : No active profile set, falling back to 1 default profile: "default"
2024-09-30T20:51:22.154-03:00  WARN 21868 --- [app] [           main] .s.s.UserDetailsServiceAutoConfiguration : 

Using generated security password: b84a5552-c8c6-41a1-a79e-8821cd519d88

This generated password is for development use only. Your security configuration must be updated before running your application in production.

2024-09-30T20:51:22.155-03:00  INFO 21868 --- [app] [           main] r$InitializeUserDetailsManagerConfigurer : Global AuthenticationManager configured with UserDetailsService bean with name inMemoryUserDetailsManager
2024-09-30T20:51:22.335-03:00  INFO 21868 --- [app] [           main] o.s.b.t.m.w.SpringBootMockServletContext : Initializing Spring TestDispatcherServlet ''
2024-09-30T20:51:22.335-03:00  INFO 21868 --- [app] [           main] o.s.t.web.servlet.TestDispatcherServlet  : Initializing Servlet ''
2024-09-30T20:51:22.336-03:00  INFO 21868 --- [app] [           main] o.s.t.web.servlet.TestDispatcherServlet  : Completed initialization in 1 ms
2024-09-30T20:51:22.350-03:00  INFO 21868 --- [app] [           main] c.N.controller.UsuariosControllerTest    : Started UsuariosControllerTest in 0.886 seconds (process running for 17.148)
]]></system-out>
  </testcase>
  <testcase name="testObterUsuariosPorIdInternalServerError" classname="com.Notifica.controller.UsuariosControllerTest" time="0.016"/>
  <testcase name="testCriarUsuarios" classname="com.Notifica.controller.UsuariosControllerTest" time="0.016"/>
  <testcase name="testCriarUsuariosInternalServerError" classname="com.Notifica.controller.UsuariosControllerTest" time="0.014"/>
  <testcase name="testObterUsuariosPorIdNotFound" classname="com.Notifica.controller.UsuariosControllerTest" time="0.009"/>
</testsuite>