<?xml version="1.0" encoding="UTF-8"?>
<testsuite xmlns:xsi="http://www.w3.org/2001/XMLSchema-instance" xsi:noNamespaceSchemaLocation="https://maven.apache.org/surefire/maven-surefire-plugin/xsd/surefire-test-report-3.0.xsd" version="3.0" name="com.Notifica.service.UsuariosServiceTest" time="0.329" tests="6" errors="0" skipped="0" failures="0">
  <properties>
[...]
</properties>
  <testcase name="testCriarUsuariosCompleto" classname="com.Notifica.service.UsuariosServiceTest" time="0.299"/>
  <testcase name="testCriarUsuariossemPassword" classname="com.Notifica.service.UsuariosServiceTest" time="0.006"/>
  <testcase name="testObterUsuarioPorId" classname="com.Notifica.service.UsuariosServiceTest" time="0.003"/>
  <testcase name="testCriarUsuariossemTipoUsuario" classname="com.Notifica.service.UsuariosServiceTest" time="0.005"/>
  <testcase name="testCriarUsuariossemUsername" classname="com.Notifica.service.UsuariosServiceTest" time="0.004"/>
  <testcase name="testObterUsuarioPorIdInexistente" classname="com.Notifica.service.UsuariosServiceTest" time="0.004"/>
</testsuite>